<?xml version="1.0" encoding="UTF-8"?>
<testng-results skipped="0" failed="0" ignored="0" total="1" passed="1">
  <reporter-output>
  </reporter-output>
  <suite name="Default suite" duration-ms="19511" started-at="2018-07-21T02:45:23Z" finished-at="2018-07-21T02:45:42Z">
    <groups>
    </groups>
    <test name="Default test" duration-ms="19511" started-at="2018-07-21T02:45:23Z" finished-at="2018-07-21T02:45:42Z">
      <class name="basic.MyMouseHover">
        <test-method status="PASS" signature="testMouseHover()[pri:0, instance:basic.MyMouseHover@4b1c1ea0]" name="testMouseHover" duration-ms="19480" started-at="2018-07-21T02:45:23Z" finished-at="2018-07-21T02:45:42Z">
          <reporter-output>
          </reporter-output>
        </test-method> <!-- testMouseHover -->
      </class> <!-- basic.MyMouseHover -->
    </test> <!-- Default test -->
  </suite> <!-- Default suite -->
</testng-results>
